\BOOKMARK [0][-]{Titelblad.0}{Titelblad}{}% 1
\BOOKMARK [0][-]{chapter.1}{Introduction}{}% 2
\BOOKMARK [1][-]{section.1.1}{Status of GIRAF}{chapter.1}% 3
\BOOKMARK [1][-]{section.1.2}{Multiproject, Subprojects, and Responsibility}{chapter.1}% 4
\BOOKMARK [2][-]{subsection.1.2.1}{Database}{section.1.2}% 5
\BOOKMARK [2][-]{subsection.1.2.2}{Graphical User Interface}{section.1.2}% 6
\BOOKMARK [2][-]{subsection.1.2.3}{Build and Deployment}{section.1.2}% 7
\BOOKMARK [1][-]{section.1.3}{Project organization}{chapter.1}% 8
\BOOKMARK [0][-]{chapter.2}{Sprint \0431}{}% 9
\BOOKMARK [1][-]{section.2.1}{Google Play and Analytics}{chapter.2}% 10
\BOOKMARK [2][-]{subsection.2.1.1}{Google Play}{section.2.1}% 11
\BOOKMARK [2][-]{subsection.2.1.2}{Google Analytics}{section.2.1}% 12
\BOOKMARK [1][-]{section.2.2}{Javadocs}{chapter.2}% 13
\BOOKMARK [1][-]{section.2.3}{User Stories and Tasks}{chapter.2}% 14
\BOOKMARK [0][-]{chapter.3}{Sprint \0432}{}% 15
\BOOKMARK [0][-]{chapter.4}{Sprint \0433}{}% 16
\BOOKMARK [0][-]{chapter.5}{Sprint \0434}{}% 17
\BOOKMARK [0][-]{chapter.6}{Collaboration}{}% 18
\BOOKMARK [0][-]{chapter.7}{Conclusion}{}% 19
\BOOKMARK [0][-]{section*.8}{Bibliography}{}% 20
\BOOKMARK [0][-]{appendix.A}{Google Analytics Crash Reports to Email Guide}{}% 21
